[2025-05-08 16:41:34] [info] Start Program:
Path:"C:\Users\onofr\source\repos\OOP_lab6-7\x64\Debug\OOP_lab6-7.exe"
Arguments:
Working directory: "C:\Users\onofr\source\repos\OOP_lab6-7\"
Modules: Selected: C:\Users\onofr\source\repos\OOP_lab6-7\x64\Debug\OOP_lab6-7.exe Excluded: 
Sources: Selected: C:\Users\onofr\source\repos\OOP_lab6-7 Excluded: 
Log Level: Normal
Cover Children: 0
Aggregate by file: 1
Continue after C++ exception: 0
Optimized build support: 0
Export: Binary C:\Users\onofr\AppData\Local\Temp\v41jbbc3.y55 
Input coverage: 
Unified diff: 
Excluded line regular expressions: 
Substitute pdb source paths: 

[2025-05-08 16:41:34] [info] Module: C:\Users\onofr\source\repos\OOP_lab6-7\x64\Debug\OOP_lab6-7.exe is selected because it matches selected pattern: C:\Users\onofr\source\repos\OOP_lab6-7\x64\Debug\OOP_lab6-7.exe
[2025-05-08 16:41:39] [info] ----------------------------------------------------
[2025-05-08 16:41:39] [info] Coverage binary generated in file: C:\Users\onofr\AppData\Local\Temp\v41jbbc3.y55
[2025-05-08 16:41:39] [info] ----------------------------------------------------
[2025-05-08 16:41:39] [error] Your program stop with error code: 1
