[2025-03-20 16:57:04] [info] Start Program:
Path:"D:\oop\lab2_4c\x64\Debug\lab 2-4 c.exe"
Arguments:
Working directory: "D:\oop\lab2_4c\"
Modules: Selected: D:\oop\lab2_4c\x64\Debug\lab 2-4 c.exe Excluded: 
Sources: Selected: D:\oop\lab2_4c Excluded: 
Log Level: Normal
Cover Children: 0
Aggregate by file: 1
Continue after C++ exception: 0
Optimized build support: 0
Export: Binary C:\Users\11\AppData\Local\Temp\uw4bka4g.hy3 
Input coverage: 
Unified diff: 
Excluded line regular expressions: 
Substitute pdb source paths: 

[2025-03-20 16:57:04] [info] Module: D:\oop\lab2_4c\x64\Debug\lab 2-4 c.exe is selected because it matches selected pattern: D:\oop\lab2_4c\x64\Debug\lab 2-4 c.exe
[2025-03-20 16:57:04] [info] ----------------------------------------------------
[2025-03-20 16:57:04] [info] Coverage binary generated in file: C:\Users\11\AppData\Local\Temp\uw4bka4g.hy3
[2025-03-20 16:57:04] [info] ----------------------------------------------------
