[2025-03-13 17:41:29] [info] Start Program:
Path:"C:\Users\onofr\source\repos\OOP_lab2-4\x64\Debug\OOP_lab2-4.exe"
Arguments:
Working directory: "C:\Users\onofr\source\repos\OOP_lab2-4\"
Modules: Selected: C:\Users\onofr\source\repos\OOP_lab2-4\x64\Debug\OOP_lab2-4.exe Excluded: 
Sources: Selected: C:\Users\onofr\source\repos\OOP_lab2-4 Excluded: 
Log Level: Normal
Cover Children: 0
Aggregate by file: 1
Continue after C++ exception: 0
Optimized build support: 0
Export: Binary C:\Users\onofr\AppData\Local\Temp\wn1fs11h.2l5 
Input coverage: 
Unified diff: 
Excluded line regular expressions: 
Substitute pdb source paths: 

[2025-03-13 17:41:29] [info] Module: C:\Users\onofr\source\repos\OOP_lab2-4\x64\Debug\OOP_lab2-4.exe is selected because it matches selected pattern: C:\Users\onofr\source\repos\OOP_lab2-4\x64\Debug\OOP_lab2-4.exe
[2025-03-13 17:41:29] [info] ----------------------------------------------------
[2025-03-13 17:41:29] [info] Coverage binary generated in file: C:\Users\onofr\AppData\Local\Temp\wn1fs11h.2l5
[2025-03-13 17:41:29] [info] ----------------------------------------------------
